2025-06-16 02:15:24,338 INFO [Checkpoint FlowFile Repository] o.a.n.c.r.WriteAheadFlowFileRepository Initiating checkpoint of FlowFile Repository
2025-06-16 02:15:24,344 INFO [Checkpoint FlowFile Repository] o.a.n.c.r.WriteAheadFlowFileRepository Successfully checkpointed FlowFile Repository with 234 records in 0 milliseconds
2025-06-16 02:15:44,346 INFO [Checkpoint FlowFile Repository] o.a.n.c.r.WriteAheadFlowFileRepository Initiating checkpoint of FlowFile Repository
2025-06-16 02:15:44,347 INFO [Checkpoint FlowFile Repository] o.a.n.c.r.WriteAheadFlowFileRepository Successfully checkpointed FlowFile Repository with 234 records in 0 milliseconds
2025-06-16 02:16:04,350 INFO [Checkpoint FlowFile Repository] o.a.n.c.r.WriteAheadFlowFileRepository Initiating checkpoint of FlowFile Repository
2025-06-16 02:16:04,353 INFO [Checkpoint FlowFile Repository] o.a.n.c.r.WriteAheadFlowFileRepository Successfully checkpointed FlowFile Repository with 234 records in 0 milliseconds
2025-06-16 02:16:08,551 INFO [Cleanup Archive for default] o.a.n.c.repository.FileSystemRepository Successfully deleted 0 files (0 bytes) from archive
2025-06-16 02:16:08,552 INFO [Cleanup Archive for default] o.a.n.c.repository.FileSystemRepository Archive cleanup completed for container default; will now allow writing to this container. Bytes used = 55.52 GB, bytes free = 38.67 GB, capacity = 94.18 GB
2025-06-16 02:33:50,659 INFO [Checkpoint FlowFile Repository] o.a.n.c.r.WriteAheadFlowFileRepository Initiating checkpoint of FlowFile Repository
2025-06-16 02:33:50,681 INFO [Checkpoint FlowFile Repository] o.a.n.c.r.WriteAheadFlowFileRepository Successfully checkpointed FlowFile Repository with 234 records in 3 milliseconds
2025-06-16 02:50:45,417 INFO [Checkpoint FlowFile Repository] o.a.n.c.r.WriteAheadFlowFileRepository Initiating checkpoint of FlowFile Repository
2025-06-16 02:50:45,418 INFO [Checkpoint FlowFile Repository] o.a.n.c.r.WriteAheadFlowFileRepository Successfully checkpointed FlowFile Repository with 234 records in 0 milliseconds
2025-06-16 02:51:05,422 INFO [Checkpoint FlowFile Repository] o.a.n.c.r.WriteAheadFlowFileRepository Initiating checkpoint of FlowFile Repository
2025-06-16 02:51:05,436 INFO [Checkpoint FlowFile Repository] o.a.n.c.r.WriteAheadFlowFileRepository Successfully checkpointed FlowFile Repository with 234 records in 3 milliseconds
2025-06-16 02:51:09,703 INFO [Cleanup Archive for default] o.a.n.c.repository.FileSystemRepository Successfully deleted 0 files (0 bytes) from archive
2025-06-16 02:51:09,705 INFO [Cleanup Archive for default] o.a.n.c.repository.FileSystemRepository Archive cleanup completed for container default; will now allow writing to this container. Bytes used = 55.52 GB, bytes free = 38.67 GB, capacity = 94.18 GB
2025-06-16 02:51:25,418 INFO [Checkpoint FlowFile Repository] o.a.n.c.r.WriteAheadFlowFileRepository Initiating checkpoint of FlowFile Repository
2025-06-16 02:51:25,420 INFO [Checkpoint FlowFile Repository] o.a.n.c.r.WriteAheadFlowFileRepository Successfully checkpointed FlowFile Repository with 234 records in 0 milliseconds
2025-06-16 02:52:11,203 INFO [Checkpoint FlowFile Repository] o.a.n.c.r.WriteAheadFlowFileRepository Initiating checkpoint of FlowFile Repository
2025-06-16 02:52:11,216 INFO [Checkpoint FlowFile Repository] o.a.n.c.r.WriteAheadFlowFileRepository Successfully checkpointed FlowFile Repository with 234 records in 0 milliseconds
2025-06-16 02:52:34,011 INFO [Checkpoint FlowFile Repository] o.a.n.c.r.WriteAheadFlowFileRepository Initiating checkpoint of FlowFile Repository
2025-06-16 02:52:34,236 INFO [Checkpoint FlowFile Repository] o.a.n.c.r.WriteAheadFlowFileRepository Successfully checkpointed FlowFile Repository with 234 records in 7 milliseconds
2025-06-16 02:52:35,609 INFO [Cleanup Archive for default] o.a.n.c.repository.FileSystemRepository Successfully deleted 0 files (0 bytes) from archive
2025-06-16 02:52:35,610 INFO [Cleanup Archive for default] o.a.n.c.repository.FileSystemRepository Archive cleanup completed for container default; will now allow writing to this container. Bytes used = 55.52 GB, bytes free = 38.67 GB, capacity = 94.18 GB
2025-06-16 02:52:54,225 INFO [Checkpoint FlowFile Repository] o.a.n.c.r.WriteAheadFlowFileRepository Initiating checkpoint of FlowFile Repository
2025-06-16 02:52:54,241 INFO [Checkpoint FlowFile Repository] o.a.n.c.r.WriteAheadFlowFileRepository Successfully checkpointed FlowFile Repository with 234 records in 0 milliseconds
2025-06-16 02:53:14,260 INFO [Checkpoint FlowFile Repository] o.a.n.c.r.WriteAheadFlowFileRepository Initiating checkpoint of FlowFile Repository
2025-06-16 02:53:14,260 INFO [Checkpoint FlowFile Repository] o.a.n.c.r.WriteAheadFlowFileRepository Successfully checkpointed FlowFile Repository with 234 records in 0 milliseconds
2025-06-16 02:53:23,291 INFO [ShutdownCommand] o.a.nifi.runtime.command.ShutdownCommand Application shutdown started
2025-06-16 02:53:23,325 INFO [ShutdownCommand] o.a.n.runtime.StandardManagementServer Management Server stopped
2025-06-16 02:53:23,355 INFO [ShutdownCommand] org.eclipse.jetty.server.Server Stopped oejs.Server@41d16cc3{STOPPING}[12.0.16,sto=0]
2025-06-16 02:53:23,468 INFO [ShutdownCommand] o.eclipse.jetty.server.AbstractConnector Stopped ServerConnector@ed974d0{SSL, (ssl, alpn, h2, http/1.1)}{700da4e6f635:8443}
2025-06-16 02:53:23,627 INFO [ShutdownCommand] o.e.j.ee10.servlet.ServletContextHandler Stopped oeje10w.WebAppContext@53fd4420{/nifi,/nifi,b=null,a=AVAILABLE,h=oeje10s.SessionHandler@452811e3{STOPPED}}{./work/nar/extensions/nifi-server-nar-2.3.0.nar-unpacked/NAR-INF/bundled-dependencies/nifi-ui-2.3.0.war}
2025-06-16 02:53:23,728 INFO [ShutdownCommand] o.a.n.w.c.ApplicationStartupContextListener Flow Service shutdown started
2025-06-16 02:53:23,729 INFO [ShutdownCommand] o.apache.nifi.controller.FlowController Initiating shutdown of FlowController...
2025-06-16 02:53:23,746 INFO [ShutdownCommand] o.a.n.c.s.StandardProcessScheduler Stopping PutFile[id=5d32d47a-0197-1000-4d46-148292c1b636]
2025-06-16 02:53:23,747 INFO [Timer-Driven Process Thread-1] o.a.n.c.s.TimerDrivenSchedulingAgent Stopped scheduling PutFile[id=5d32d47a-0197-1000-4d46-148292c1b636] to run
2025-06-16 02:53:23,750 INFO [ShutdownCommand] o.a.n.c.s.StandardProcessScheduler Stopping PutDatabaseRecord[id=02deb6e4-c707-391a-dd38-f8b95fa40610]
2025-06-16 02:53:23,750 INFO [Timer-Driven Process Thread-3] o.a.n.c.s.TimerDrivenSchedulingAgent Stopped scheduling PutDatabaseRecord[id=02deb6e4-c707-391a-dd38-f8b95fa40610] to run
2025-06-16 02:53:23,750 INFO [Timer-Driven Process Thread-1] o.a.n.controller.StandardProcessorNode PutFile[id=5d32d47a-0197-1000-4d46-148292c1b636] has completely stopped. Completing any associated Futures.
2025-06-16 02:53:23,751 INFO [ShutdownCommand] o.a.n.c.s.StandardProcessScheduler Stopping GetFile[id=c66721bd-82c1-304e-8643-9ce166392ed4]
2025-06-16 02:53:23,751 INFO [Timer-Driven Process Thread-3] o.a.n.controller.StandardProcessorNode PutDatabaseRecord[id=02deb6e4-c707-391a-dd38-f8b95fa40610] has completely stopped. Completing any associated Futures.
2025-06-16 02:53:23,752 INFO [Timer-Driven Process Thread-9] o.a.n.c.s.TimerDrivenSchedulingAgent Stopped scheduling GetFile[id=c66721bd-82c1-304e-8643-9ce166392ed4] to run
2025-06-16 02:53:23,756 INFO [Timer-Driven Process Thread-9] o.a.n.controller.StandardProcessorNode GetFile[id=c66721bd-82c1-304e-8643-9ce166392ed4] has completely stopped. Completing any associated Futures.
2025-06-16 02:53:23,760 INFO [ShutdownCommand] o.a.n.c.s.StandardProcessScheduler Stopping UpdateAttribute[id=38c3c75c-0197-1000-cfa8-9031c6749b2b]
2025-06-16 02:53:23,761 INFO [Timer-Driven Process Thread-4] o.a.n.c.s.TimerDrivenSchedulingAgent Stopped scheduling UpdateAttribute[id=38c3c75c-0197-1000-cfa8-9031c6749b2b] to run
2025-06-16 02:53:23,761 INFO [ShutdownCommand] o.a.n.c.s.StandardProcessScheduler Stopping UpdateAttribute[id=7f406451-9d83-38af-5cc0-9e056ce69748]
2025-06-16 02:53:23,761 INFO [ShutdownCommand] o.a.n.c.s.StandardProcessScheduler Stopping UpdateAttribute[id=5d1cdf2a-0197-1000-e21a-7e33a2e921dc]
2025-06-16 02:53:23,761 INFO [Timer-Driven Process Thread-5] o.a.n.c.s.TimerDrivenSchedulingAgent Stopped scheduling UpdateAttribute[id=7f406451-9d83-38af-5cc0-9e056ce69748] to run
2025-06-16 02:53:23,761 INFO [Timer-Driven Process Thread-1] o.a.n.c.s.TimerDrivenSchedulingAgent Stopped scheduling UpdateAttribute[id=5d1cdf2a-0197-1000-e21a-7e33a2e921dc] to run
2025-06-16 02:53:23,763 INFO [ShutdownCommand] o.a.n.c.s.StandardProcessScheduler Stopping RouteOnAttribute[id=38b7eb10-0197-1000-c742-bc6ac31494ba]
2025-06-16 02:53:23,763 INFO [Timer-Driven Process Thread-6] o.a.n.c.s.TimerDrivenSchedulingAgent Stopped scheduling RouteOnAttribute[id=38b7eb10-0197-1000-c742-bc6ac31494ba] to run
2025-06-16 02:53:23,763 INFO [ShutdownCommand] o.a.n.c.s.StandardProcessScheduler Stopping UpdateAttribute[id=d1acd51f-9219-36f0-21d3-a5e8e9bf63ab]
2025-06-16 02:53:23,763 INFO [Timer-Driven Process Thread-10] o.a.n.c.s.TimerDrivenSchedulingAgent Stopped scheduling UpdateAttribute[id=d1acd51f-9219-36f0-21d3-a5e8e9bf63ab] to run
2025-06-16 02:53:23,765 INFO [ShutdownCommand] o.a.n.c.s.StandardProcessScheduler Stopping RouteOnAttribute[id=5d18fd5e-0197-1000-acb3-f905005dccb5]
2025-06-16 02:53:23,767 INFO [Timer-Driven Process Thread-3] o.a.n.c.s.TimerDrivenSchedulingAgent Stopped scheduling RouteOnAttribute[id=5d18fd5e-0197-1000-acb3-f905005dccb5] to run
2025-06-16 02:53:23,767 INFO [ShutdownCommand] o.a.n.c.s.StandardProcessScheduler Stopping UnpackContent[id=38b3186f-0197-1000-ef40-4282a0287d18]
2025-06-16 02:53:23,769 INFO [Timer-Driven Process Thread-2] o.a.n.c.s.TimerDrivenSchedulingAgent Stopped scheduling UnpackContent[id=38b3186f-0197-1000-ef40-4282a0287d18] to run
2025-06-16 02:53:23,771 INFO [Timer-Driven Process Thread-6] o.a.n.controller.StandardProcessorNode RouteOnAttribute[id=38b7eb10-0197-1000-c742-bc6ac31494ba] has completely stopped. Completing any associated Futures.
2025-06-16 02:53:23,771 INFO [Timer-Driven Process Thread-5] o.a.n.controller.StandardProcessorNode UpdateAttribute[id=7f406451-9d83-38af-5cc0-9e056ce69748] has completely stopped. Completing any associated Futures.
2025-06-16 02:53:23,771 INFO [Timer-Driven Process Thread-1] o.a.n.controller.StandardProcessorNode UpdateAttribute[id=5d1cdf2a-0197-1000-e21a-7e33a2e921dc] has completely stopped. Completing any associated Futures.
2025-06-16 02:53:23,771 INFO [Timer-Driven Process Thread-3] o.a.n.controller.StandardProcessorNode RouteOnAttribute[id=5d18fd5e-0197-1000-acb3-f905005dccb5] has completely stopped. Completing any associated Futures.
2025-06-16 02:53:23,771 INFO [Timer-Driven Process Thread-10] o.a.n.controller.StandardProcessorNode UpdateAttribute[id=d1acd51f-9219-36f0-21d3-a5e8e9bf63ab] has completely stopped. Completing any associated Futures.
2025-06-16 02:53:23,772 INFO [Timer-Driven Process Thread-4] o.a.n.controller.StandardProcessorNode UpdateAttribute[id=38c3c75c-0197-1000-cfa8-9031c6749b2b] has completely stopped. Completing any associated Futures.
2025-06-16 02:53:23,773 INFO [Timer-Driven Process Thread-2] o.a.n.controller.StandardProcessorNode UnpackContent[id=38b3186f-0197-1000-ef40-4282a0287d18] has completely stopped. Completing any associated Futures.
2025-06-16 02:53:23,813 INFO [ShutdownCommand] o.apache.nifi.controller.FlowController Initiated graceful shutdown of flow controller...waiting up to 10 seconds
2025-06-16 02:53:23,819 INFO [ShutdownCommand] o.apache.nifi.controller.FlowController Controller has been terminated successfully.
2025-06-16 02:53:23,821 INFO [ShutdownCommand] o.apache.nifi.py4j.StandardPythonBridge Shutting down Python Server
2025-06-16 02:53:23,822 INFO [ShutdownCommand] org.apache.nifi.py4j.PythonProcess Shutting down Python Process Process[pid=244, exitValue="not exited"]
2025-06-16 02:53:23,827 INFO [ShutdownCommand] o.apache.nifi.py4j.StandardPythonBridge Successfully shutdown Python Server
2025-06-16 02:53:23,931 INFO [ForkJoinPool.commonPool-worker-11] org.apache.nifi.py4j.PythonProcess Python Process Process[pid=244, exitValue=137] exited with code 137
2025-06-16 02:53:24,050 INFO [ShutdownCommand] o.a.n.w.c.ApplicationStartupContextListener Flow Service shutdown completed
2025-06-16 02:53:24,053 INFO [ShutdownCommand] o.e.j.s.handler.ContextHandler._nifi_api Closing Spring root WebApplicationContext
2025-06-16 02:53:24,200 INFO [ShutdownCommand] o.a.n.a.service.EntityStoreAuditService Environment closed
2025-06-16 02:53:24,277 INFO [ShutdownCommand] o.e.j.ee10.servlet.ServletContextHandler Stopped oeje10w.WebAppContext@57ab4b33{nifi-api,/nifi-api,b=null,a=AVAILABLE,h=oeje10s.SessionHandler@2484c868{STOPPED}}{./work/nar/extensions/nifi-server-nar-2.3.0.nar-unpacked/NAR-INF/bundled-dependencies/nifi-web-api-2.3.0.war}
2025-06-16 02:53:24,307 INFO [ShutdownCommand] o.e.j.ee10.servlet.ServletContextHandler Stopped oeje10w.WebAppContext@17034458{/nifi-update-attribute-ui-2.3.0,/nifi-update-attribute-ui-2.3.0,b=null,a=AVAILABLE,h=oeje10s.SessionHandler@67689c81{STOPPED}}{./work/nar/extensions/nifi-update-attribute-nar-2.3.0.nar-unpacked/NAR-INF/bundled-dependencies/nifi-update-attribute-ui-2.3.0.war}
2025-06-16 02:53:24,314 INFO [ShutdownCommand] o.e.j.s.h.C._nifi_standard_content_viewer_2_3_0 Destroying Spring FrameworkServlet 'dispatcherServlet'
2025-06-16 02:53:24,317 INFO [ShutdownCommand] o.e.j.s.h.C._nifi_standard_content_viewer_2_3_0 Closing Spring root WebApplicationContext
2025-06-16 02:53:24,361 INFO [ShutdownCommand] o.e.j.ee10.servlet.ServletContextHandler Stopped oeje10w.WebAppContext@46f73ffa{/nifi-standard-content-viewer-2.3.0,/nifi-standard-content-viewer-2.3.0,b=null,a=AVAILABLE,h=oeje10s.SessionHandler@47e725af{STOPPED}}{./work/nar/extensions/nifi-standard-content-viewer-nar-2.3.0.nar-unpacked/NAR-INF/bundled-dependencies/nifi-standard-content-viewer-2.3.0.war}
2025-06-16 02:53:24,388 INFO [ShutdownCommand] o.e.j.ee10.servlet.ServletContextHandler Stopped oeje10w.WebAppContext@3f9b7fe1{/nifi-jolt-transform-json-ui-2.3.0,/nifi-jolt-transform-json-ui-2.3.0,b=null,a=AVAILABLE,h=oeje10s.SessionHandler@696b52bc{STOPPED}}{./work/nar/extensions/nifi-jolt-nar-2.3.0.nar-unpacked/NAR-INF/bundled-dependencies/nifi-jolt-transform-json-ui-2.3.0.war}
2025-06-16 02:53:24,394 INFO [ShutdownCommand] org.apache.nifi.nar.NarAutoLoaderTask Stopping NAR Auto-loader
2025-06-16 02:53:24,395 INFO [ShutdownCommand] org.apache.nifi.nar.NarAutoLoader NAR Auto-Loader stopped
2025-06-16 02:53:24,399 INFO [ShutdownCommand] o.a.n.f.r.CompositeExternalResourceProviderService External Resource Provider Service is stopped
2025-06-16 02:53:24,400 INFO [ShutdownCommand] o.a.nifi.runtime.command.ShutdownCommand Application shutdown completed
